app/build/outputs/logs/manifest-merger-debug-report.txt
-- Merging decision tree log ---
manifest
ADDED from src/main/AndroidManifest.xml:16:1-124:12
	xmlns:android
		ADDED from src/main/AndroidManifest.xml:16:11-69
	package
		ADDED from src/main/AndroidManifest.xml:17:5-33
		INJECTED from src/main/AndroidManifest.xml
		INJECTED from src/main/AndroidManifest.xml
	android:versionName
		INJECTED from src/main/AndroidManifest.xml
		INJECTED from src/main/AndroidManifest.xml
	android:versionCode
		INJECTED from src/main/AndroidManifest.xml
		INJECTED from src/main/AndroidManifest.xml
uses-permission#android.permission.INTERNET
ADDED from src/main/AndroidManifest.xml:19:5-67
MERGED from [com.google.android.gms:play-services-gcm:7.8.0] AndroidManifest.xml:22:5-67
	android:name
		ADDED from src/main/AndroidManifest.xml:19:22-64
uses-permission#android.permission.ACCESS_NETWORK_STATE
ADDED from src/main/AndroidManifest.xml:20:5-79
	android:name
		ADDED from src/main/AndroidManifest.xml:20:22-76
uses-permission#android.permission.ACCESS_WIFI_STATE
ADDED from src/main/AndroidManifest.xml:21:5-76
	android:name
		ADDED from src/main/AndroidManifest.xml:21:22-73
uses-permission#android.permission.WAKE_LOCK
ADDED from src/main/AndroidManifest.xml:22:5-67
	android:name
		ADDED from src/main/AndroidManifest.xml:22:22-65
uses-permission#com.google.android.c2dm.permission.RECEIVE
ADDED from src/main/AndroidManifest.xml:23:5-82
MERGED from [com.google.android.gms:play-services-gcm:7.8.0] AndroidManifest.xml:21:5-82
	android:name
		ADDED from src/main/AndroidManifest.xml:23:22-79
permission#com.amazon.mysampleapp.permission.C2D_MESSAGE
ADDED from src/main/AndroidManifest.xml:24:5-25:47
	android:protectionLevel
		ADDED from src/main/AndroidManifest.xml:25:9-44
	android:name
		ADDED from src/main/AndroidManifest.xml:24:17-77
uses-permission#com.amazon.mysampleapp.permission.C2D_MESSAGE
ADDED from src/main/AndroidManifest.xml:26:5-85
	android:name
		ADDED from src/main/AndroidManifest.xml:26:22-82
uses-permission#android.permission.GET_ACCOUNTS
ADDED from src/main/AndroidManifest.xml:27:5-71
	android:name
		ADDED from src/main/AndroidManifest.xml:27:22-68
uses-permission#android.permission.USE_CREDENTIALS
ADDED from src/main/AndroidManifest.xml:28:5-74
	android:name
		ADDED from src/main/AndroidManifest.xml:28:22-71
uses-permission#android.permission.READ_EXTERNAL_STORAGE
ADDED from src/main/AndroidManifest.xml:29:5-80
	android:name
		ADDED from src/main/AndroidManifest.xml:29:22-77
application
ADDED from src/main/AndroidManifest.xml:31:5-123:19
MERGED from [com.android.support:appcompat-v7:23.1.0] AndroidManifest.xml:22:5-20
MERGED from [com.android.support:support-v4:23.1.0] AndroidManifest.xml:22:5-20
MERGED from [com.android.support:support-v4:23.1.0] AndroidManifest.xml:22:5-20
MERGED from [com.google.android.gms:play-services-gcm:7.8.0] AndroidManifest.xml:24:5-20
MERGED from [com.google.android.gms:play-services-base:7.8.0] AndroidManifest.xml:20:5-24:19
MERGED from [com.android.support:support-v4:23.1.0] AndroidManifest.xml:22:5-20
MERGED from [com.google.android.gms:play-services-plus:7.8.0] AndroidManifest.xml:19:5-20
MERGED from [com.google.android.gms:play-services-base:7.8.0] AndroidManifest.xml:20:5-24:19
MERGED from [com.android.support:support-v4:23.1.0] AndroidManifest.xml:22:5-20
	android:label
		ADDED from src/main/AndroidManifest.xml:34:9-41
	android:allowBackup
		ADDED from src/main/AndroidManifest.xml:32:9-35
	android:icon
		ADDED from src/main/AndroidManifest.xml:33:9-43
	android:theme
		ADDED from src/main/AndroidManifest.xml:35:9-40
	android:name
		ADDED from src/main/AndroidManifest.xml:36:9-51
activity#com.mysampleapp.SplashActivity
ADDED from src/main/AndroidManifest.xml:38:9-46:20
	android:label
		ADDED from src/main/AndroidManifest.xml:40:13-45
	android:configChanges
		ADDED from src/main/AndroidManifest.xml:41:13-83
	android:name
		ADDED from src/main/AndroidManifest.xml:39:13-58
intent-filter#android.intent.action.MAIN+android.intent.category.LAUNCHER
ADDED from src/main/AndroidManifest.xml:42:13-45:29
action#android.intent.action.MAIN
ADDED from src/main/AndroidManifest.xml:43:17-69
	android:name
		ADDED from src/main/AndroidManifest.xml:43:25-66
category#android.intent.category.LAUNCHER
ADDED from src/main/AndroidManifest.xml:44:17-77
	android:name
		ADDED from src/main/AndroidManifest.xml:44:27-74
activity#com.mysampleapp.SignInActivity
ADDED from src/main/AndroidManifest.xml:47:9-52:20
	android:label
		ADDED from src/main/AndroidManifest.xml:49:13-59
	android:configChanges
		ADDED from src/main/AndroidManifest.xml:50:13-83
	android:name
		ADDED from src/main/AndroidManifest.xml:48:13-58
activity#com.mysampleapp.MainActivity
ADDED from src/main/AndroidManifest.xml:53:9-56:20
	android:label
		ADDED from src/main/AndroidManifest.xml:55:13-56
	android:name
		ADDED from src/main/AndroidManifest.xml:54:13-56
service#com.amazonaws.mobileconnectors.s3.transferutility.TransferService
ADDED from src/main/AndroidManifest.xml:66:9-124
	android:enabled
		ADDED from src/main/AndroidManifest.xml:66:99-121
	android:name
		ADDED from src/main/AndroidManifest.xml:66:18-98
service#com.amazonaws.mobile.downloader.service.DownloadService
ADDED from src/main/AndroidManifest.xml:68:9-91
	android:name
		ADDED from src/main/AndroidManifest.xml:68:18-88
receiver#com.amazonaws.mobile.downloader.service.NetworkStateListener
ADDED from src/main/AndroidManifest.xml:70:9-76:20
	android:exported
		ADDED from src/main/AndroidManifest.xml:71:19-43
	android:enabled
		ADDED from src/main/AndroidManifest.xml:72:19-42
	android:name
		ADDED from src/main/AndroidManifest.xml:70:19-94
intent-filter#android.net.conn.CONNECTIVITY_CHANGE
ADDED from src/main/AndroidManifest.xml:73:13-75:29
action#android.net.conn.CONNECTIVITY_CHANGE
ADDED from src/main/AndroidManifest.xml:74:17-78
	android:name
		ADDED from src/main/AndroidManifest.xml:74:25-76
provider#com.amazonaws.mobile.downloader.query.DownloadQueueProvider
ADDED from src/main/AndroidManifest.xml:78:9-83:20
	android:exported
		ADDED from src/main/AndroidManifest.xml:82:13-37
	android:authorities
		ADDED from src/main/AndroidManifest.xml:80:13-76
	android:enabled
		ADDED from src/main/AndroidManifest.xml:81:13-35
	android:name
		ADDED from src/main/AndroidManifest.xml:79:6-80
provider#android.support.v4.content.FileProvider
ADDED from src/main/AndroidManifest.xml:85:9-93:20
	android:grantUriPermissions
		ADDED from src/main/AndroidManifest.xml:89:13-47
	android:exported
		ADDED from src/main/AndroidManifest.xml:88:13-37
	android:authorities
		ADDED from src/main/AndroidManifest.xml:87:13-74
	android:name
		ADDED from src/main/AndroidManifest.xml:86:13-67
meta-data#android.support.FILE_PROVIDER_PATHS
ADDED from src/main/AndroidManifest.xml:90:13-92:66
	android:resource
		ADDED from src/main/AndroidManifest.xml:92:17-63
	android:name
		ADDED from src/main/AndroidManifest.xml:91:17-67
meta-data#com.google.android.gms.version
ADDED from src/main/AndroidManifest.xml:97:9-99:69
MERGED from [com.google.android.gms:play-services-base:7.8.0] AndroidManifest.xml:21:9-23:69
MERGED from [com.google.android.gms:play-services-base:7.8.0] AndroidManifest.xml:21:9-23:69
	android:name
		ADDED from src/main/AndroidManifest.xml:98:13-58
	android:value
		ADDED from src/main/AndroidManifest.xml:99:13-66
receiver#com.google.android.gms.gcm.GcmReceiver
ADDED from src/main/AndroidManifest.xml:103:9-111:20
	android:exported
		ADDED from src/main/AndroidManifest.xml:105:13-36
	android:permission
		ADDED from src/main/AndroidManifest.xml:106:13-73
	android:name
		ADDED from src/main/AndroidManifest.xml:104:13-66
intent-filter#@string/google_cloud_messaging_package+com.google.android.c2dm.intent.RECEIVE
ADDED from src/main/AndroidManifest.xml:107:13-110:29
action#com.google.android.c2dm.intent.RECEIVE
ADDED from src/main/AndroidManifest.xml:108:17-81
	android:name
		ADDED from src/main/AndroidManifest.xml:108:25-78
category#@string/google_cloud_messaging_package
ADDED from src/main/AndroidManifest.xml:109:17-83
	android:name
		ADDED from src/main/AndroidManifest.xml:109:27-80
service#com.mysampleapp.PushListenerService
ADDED from src/main/AndroidManifest.xml:113:9-119:19
	android:exported
		ADDED from src/main/AndroidManifest.xml:115:13-37
	android:name
		ADDED from src/main/AndroidManifest.xml:114:13-63
intent-filter#com.google.android.c2dm.intent.RECEIVE
ADDED from src/main/AndroidManifest.xml:116:13-118:29
uses-sdk
INJECTED from src/main/AndroidManifest.xml reason: use-sdk injection requested
MERGED from [com.android.support:multidex:1.0.1] AndroidManifest.xml:18:5-42
MERGED from [com.android.support:appcompat-v7:23.1.0] AndroidManifest.xml:20:5-43
MERGED from [com.android.support:support-v4:23.1.0] AndroidManifest.xml:20:5-43
MERGED from [com.android.support:support-v4:23.1.0] AndroidManifest.xml:20:5-43
MERGED from [com.google.android.gms:play-services-gcm:7.8.0] AndroidManifest.xml:18:5-42
MERGED from [com.google.android.gms:play-services-base:7.8.0] AndroidManifest.xml:18:5-42
MERGED from [com.android.support:support-v4:23.1.0] AndroidManifest.xml:20:5-43
MERGED from [com.google.android.gms:play-services-plus:7.8.0] AndroidManifest.xml:18:5-42
MERGED from [com.google.android.gms:play-services-base:7.8.0] AndroidManifest.xml:18:5-42
MERGED from [com.android.support:support-v4:23.1.0] AndroidManifest.xml:20:5-43
	android:targetSdkVersion
		INJECTED from src/main/AndroidManifest.xml
		INJECTED from src/main/AndroidManifest.xml
	android:minSdkVersion
		INJECTED from src/main/AndroidManifest.xml
		INJECTED from src/main/AndroidManifest.xml